<?xml version="1.0" encoding="UTF-8"?>
<testng-results ignored="0" total="1" passed="1" failed="0" skipped="0">
  <reporter-output>
  </reporter-output>
  <suite started-at="2026-09-24T15:39:49 IST" name="Default suite" finished-at="2026-09-24T15:39:54 IST" duration-ms="4663">
    <groups>
    </groups>
    <test started-at="2026-09-24T15:39:49 IST" name="Default test" finished-at="2026-09-24T15:39:54 IST" duration-ms="4663">
      <class name="tests.UserTest">
        <test-method signature="getAllUsers()[pri:0, instance:tests.UserTest@3270d194]" started-at="2026-09-24T15:39:49 IST" name="getAllUsers" finished-at="2026-09-24T15:39:54 IST" duration-ms="4533" status="PASS">
          <reporter-output>
          </reporter-output>
        </test-method> <!-- getAllUsers -->
      </class> <!-- tests.UserTest -->
    </test> <!-- Default test -->
  </suite> <!-- Default suite -->
</testng-results>
